<?xml version="1.0" encoding="UTF-8"?>
<!-- Generated by org.testng.reporters.JUnitReportReporter -->
<testsuite hostname="EPCHZURW01D9" failures="0" tests="1" name="runners.TestNGRunner" time="10.465" errors="0" timestamp="11 Jan 2022 10:09:12 GMT">
  <testcase classname="runners.TestNGRunner" name="runScenario" time="10.465"/>
</testsuite> <!-- runners.TestNGRunner -->
