<?xml version="1.0" encoding="UTF-8"?>
<!-- Generated by org.testng.reporters.JUnitReportReporter -->
<testsuite hostname="EPCHZURW01D9" failures="0" tests="2" name="runners.TestNGRunner" time="17.014" errors="0" timestamp="11 Jan 2022 10:45:12 GMT">
  <testcase classname="runners.TestNGRunner" name="runScenario" time="6.965"/>
  <testcase classname="runners.TestNGRunner" name="runScenario" time="10.049"/>
</testsuite> <!-- runners.TestNGRunner -->
