<?xml version="1.0" encoding="UTF-8"?>
<!-- Generated by org.testng.reporters.JUnitReportReporter -->
<testsuite hostname="EPCHZURW01D9" failures="0" tests="1" name="runners.TestNGRunner" time="10.067" errors="0" timestamp="13 Jan 2022 15:29:35 GMT">
  <testcase classname="runners.TestNGRunner" name="runScenario" time="10.067"/>
</testsuite> <!-- runners.TestNGRunner -->
