<?xml version="1.0" encoding="UTF-8"?>
<!-- Generated by org.testng.reporters.JUnitReportReporter -->
<testsuite hostname="EPCHZURW01D9" failures="0" tests="1" name="runners.TestNGRunner" time="0.096" errors="0" timestamp="2022-01-10T10:50:38 CET" skipped="0">
  <testcase classname="runners.TestNGRunner" name="runScenario" time="0.096"/>
  <system-out/>
</testsuite> <!-- runners.TestNGRunner -->
