<?xml version="1.0" encoding="UTF-8"?>
<!-- Generated by org.testng.reporters.JUnitReportReporter -->
<testsuite hostname="EPCHZURW01D9" failures="0" tests="2" name="runners.TestNGRunner" time="20.797" errors="0" timestamp="11 Jan 2022 10:34:32 GMT">
  <testcase classname="runners.TestNGRunner" name="runScenario" time="14.157"/>
  <testcase classname="runners.TestNGRunner" name="runScenario" time="6.640"/>
</testsuite> <!-- runners.TestNGRunner -->
